[2022-05-20T22:26:43] [PdxMMHelper.cs|ImportModsFromModDirectory] Importing mod Holy Roman Empire Expanded
[2022-05-20T22:26:43] [PdxMMHelper.cs|ImportModsFromModDirectory] Importing mod National Ideas Expanded
[2022-05-20T22:26:43] [PdxMMHelper.cs|ImportModsFromModDirectory] Importing mod Governments Expanded 1.33
[2022-05-20T22:26:43] [PdxMMHelper.cs|ImportModsFromModDirectory] Importing mod Trade Goods Expanded
[2022-05-20T22:26:43] [PdxMMHelper.cs|ImportModsFromModDirectory] Importing mod Ante Bellum
[2022-05-20T22:26:43] [PdxMMHelper.cs|ImportModsFromModDirectory] Importing mod World Conquest Victory Music
[2022-05-20T22:26:43] [PdxMMHelper.cs|ImportModsFromModDirectory] Importing mod [1.33.3] 1356 - Public Beta
[2022-05-20T22:26:43] [PdxMMHelper.cs|ImportModsFromModDirectory] Importing mod Themes of the Old World
[2022-05-20T22:26:43] [PdxMMHelper.cs|ImportModsFromModDirectory] Importing mod Missions Expanded
[2022-05-20T22:26:43] [PdxMMHelper.cs|ImportModsFromModDirectory] Importing mod Extended Timeline
[2022-05-20T22:26:43] [PdxMMHelper.cs|ImportModsFromModDirectory] Importing mod Flavour and Events Expanded
[2022-05-20T22:26:43] [PdxMMHelper.cs|ImportModsFromModDirectory] Importing mod Formables Expanded
[2022-05-20T22:26:43] [PdxMMHelper.cs|ImportModsFromModDirectory] Importing mod Lux in Tenebris - Main Theme
[2022-05-20T22:26:43] [PdxMMHelper.cs|ImportModsFromModDirectory] Importing mod Scandinavia Music Pack
[2022-05-20T22:26:43] [PdxMMHelper.cs|ImportModsFromModDirectory] Importing mod Anbennar - Main Theme
[2022-05-20T22:26:43] [PdxMMHelper.cs|ImportModsFromModDirectory] Importing mod Peace Treaties Expanded
[2022-05-20T22:26:43] [PdxMMHelper.cs|ImportModsFromModDirectory] Importing mod MEIOU and Taxes v3.0
[2022-05-20T22:26:43] [PdxMMHelper.cs|ImportModsFromModDirectory] Importing mod Ante Bellum Original Soundtrack
[2022-05-20T22:26:43] [PdxMMHelper.cs|ImportModsFromModDirectory] Importing mod Theatrum Orbis Terrarum for MEIOU & Taxes 3.0
[2022-05-20T22:26:43] [PdxMMHelper.cs|ImportModsFromModDirectory] Importing mod Show New Ideas
[2022-05-20T22:31:48] [PdxMMHelper.cs|ImportModsFromModDirectory] Importing mod Holy Roman Empire Expanded
[2022-05-20T22:31:48] [PdxMMHelper.cs|ImportModsFromModDirectory] Importing mod National Ideas Expanded
[2022-05-20T22:31:48] [PdxMMHelper.cs|ImportModsFromModDirectory] Importing mod Governments Expanded 1.33
[2022-05-20T22:31:48] [PdxMMHelper.cs|ImportModsFromModDirectory] Importing mod Trade Goods Expanded
[2022-05-20T22:31:48] [PdxMMHelper.cs|ImportModsFromModDirectory] Importing mod Ante Bellum
[2022-05-20T22:31:48] [PdxMMHelper.cs|ImportModsFromModDirectory] Importing mod World Conquest Victory Music
[2022-05-20T22:31:48] [PdxMMHelper.cs|ImportModsFromModDirectory] Importing mod [1.33.3] 1356 - Public Beta
[2022-05-20T22:31:48] [PdxMMHelper.cs|ImportModsFromModDirectory] Importing mod Themes of the Old World
[2022-05-20T22:31:48] [PdxMMHelper.cs|ImportModsFromModDirectory] Importing mod Missions Expanded
[2022-05-20T22:31:48] [PdxMMHelper.cs|ImportModsFromModDirectory] Importing mod Extended Timeline
[2022-05-20T22:31:48] [PdxMMHelper.cs|ImportModsFromModDirectory] Importing mod Flavour and Events Expanded
[2022-05-20T22:31:48] [PdxMMHelper.cs|ImportModsFromModDirectory] Importing mod Formables Expanded
[2022-05-20T22:31:48] [PdxMMHelper.cs|ImportModsFromModDirectory] Importing mod Lux in Tenebris - Main Theme
[2022-05-20T22:31:48] [PdxMMHelper.cs|ImportModsFromModDirectory] Importing mod Scandinavia Music Pack
[2022-05-20T22:31:48] [PdxMMHelper.cs|ImportModsFromModDirectory] Importing mod Anbennar - Main Theme
[2022-05-20T22:31:48] [PdxMMHelper.cs|ImportModsFromModDirectory] Importing mod Peace Treaties Expanded
[2022-05-20T22:31:48] [PdxMMHelper.cs|ImportModsFromModDirectory] Importing mod MEIOU and Taxes v3.0
[2022-05-20T22:31:48] [PdxMMHelper.cs|ImportModsFromModDirectory] Importing mod Ante Bellum Original Soundtrack
[2022-05-20T22:31:48] [PdxMMHelper.cs|ImportModsFromModDirectory] Importing mod Theatrum Orbis Terrarum for MEIOU & Taxes 3.0
[2022-05-20T22:31:48] [PdxMMHelper.cs|ImportModsFromModDirectory] Importing mod Show New Ideas
[2022-05-20T22:40:00] [PdxMMHelper.cs|ImportModsFromModDirectory] Importing mod Holy Roman Empire Expanded
[2022-05-20T22:40:00] [PdxMMHelper.cs|ImportModsFromModDirectory] Importing mod National Ideas Expanded
[2022-05-20T22:40:00] [PdxMMHelper.cs|ImportModsFromModDirectory] Importing mod Governments Expanded 1.33
[2022-05-20T22:40:00] [PdxMMHelper.cs|ImportModsFromModDirectory] Importing mod Trade Goods Expanded
[2022-05-20T22:40:00] [PdxMMHelper.cs|ImportModsFromModDirectory] Importing mod Ante Bellum
[2022-05-20T22:40:00] [PdxMMHelper.cs|ImportModsFromModDirectory] Importing mod World Conquest Victory Music
[2022-05-20T22:40:00] [PdxMMHelper.cs|ImportModsFromModDirectory] Importing mod [1.33.3] 1356 - Public Beta
[2022-05-20T22:40:00] [PdxMMHelper.cs|ImportModsFromModDirectory] Importing mod Themes of the Old World
[2022-05-20T22:40:00] [PdxMMHelper.cs|ImportModsFromModDirectory] Importing mod Missions Expanded
[2022-05-20T22:40:00] [PdxMMHelper.cs|ImportModsFromModDirectory] Importing mod Extended Timeline
[2022-05-20T22:40:00] [PdxMMHelper.cs|ImportModsFromModDirectory] Importing mod Flavour and Events Expanded
[2022-05-20T22:40:00] [PdxMMHelper.cs|ImportModsFromModDirectory] Importing mod Formables Expanded
[2022-05-20T22:40:00] [PdxMMHelper.cs|ImportModsFromModDirectory] Importing mod Lux in Tenebris - Main Theme
[2022-05-20T22:40:00] [PdxMMHelper.cs|ImportModsFromModDirectory] Importing mod Scandinavia Music Pack
[2022-05-20T22:40:00] [PdxMMHelper.cs|ImportModsFromModDirectory] Importing mod Anbennar - Main Theme
[2022-05-20T22:40:00] [PdxMMHelper.cs|ImportModsFromModDirectory] Importing mod Peace Treaties Expanded
[2022-05-20T22:40:00] [PdxMMHelper.cs|ImportModsFromModDirectory] Importing mod MEIOU and Taxes v3.0
[2022-05-20T22:40:00] [PdxMMHelper.cs|ImportModsFromModDirectory] Importing mod Ante Bellum Original Soundtrack
[2022-05-20T22:40:00] [PdxMMHelper.cs|ImportModsFromModDirectory] Importing mod Theatrum Orbis Terrarum for MEIOU & Taxes 3.0
[2022-05-20T22:40:00] [PdxMMHelper.cs|ImportModsFromModDirectory] Importing mod Show New Ideas
[2022-05-20T22:40:05] [PdxMMHelper.cs|ImportModsFromModDirectory] Importing mod Holy Roman Empire Expanded
[2022-05-20T22:40:05] [PdxMMHelper.cs|ImportModsFromModDirectory] Importing mod National Ideas Expanded
[2022-05-20T22:40:05] [PdxMMHelper.cs|ImportModsFromModDirectory] Importing mod Governments Expanded 1.33
[2022-05-20T22:40:05] [PdxMMHelper.cs|ImportModsFromModDirectory] Importing mod Trade Goods Expanded
[2022-05-20T22:40:05] [PdxMMHelper.cs|ImportModsFromModDirectory] Importing mod Ante Bellum
[2022-05-20T22:40:05] [PdxMMHelper.cs|ImportModsFromModDirectory] Importing mod World Conquest Victory Music
[2022-05-20T22:40:05] [PdxMMHelper.cs|ImportModsFromModDirectory] Importing mod [1.33.3] 1356 - Public Beta
[2022-05-20T22:40:05] [PdxMMHelper.cs|ImportModsFromModDirectory] Importing mod Themes of the Old World
[2022-05-20T22:40:05] [PdxMMHelper.cs|ImportModsFromModDirectory] Importing mod Missions Expanded
[2022-05-20T22:40:05] [PdxMMHelper.cs|ImportModsFromModDirectory] Importing mod Extended Timeline
[2022-05-20T22:40:05] [PdxMMHelper.cs|ImportModsFromModDirectory] Importing mod Flavour and Events Expanded
[2022-05-20T22:40:05] [PdxMMHelper.cs|ImportModsFromModDirectory] Importing mod Formables Expanded
[2022-05-20T22:40:05] [PdxMMHelper.cs|ImportModsFromModDirectory] Importing mod Lux in Tenebris - Main Theme
[2022-05-20T22:40:05] [PdxMMHelper.cs|ImportModsFromModDirectory] Importing mod Scandinavia Music Pack
[2022-05-20T22:40:05] [PdxMMHelper.cs|ImportModsFromModDirectory] Importing mod Anbennar - Main Theme
[2022-05-20T22:40:05] [PdxMMHelper.cs|ImportModsFromModDirectory] Importing mod Peace Treaties Expanded
[2022-05-20T22:40:05] [PdxMMHelper.cs|ImportModsFromModDirectory] Importing mod MEIOU and Taxes v3.0
[2022-05-20T22:40:05] [PdxMMHelper.cs|ImportModsFromModDirectory] Importing mod Ante Bellum Original Soundtrack
[2022-05-20T22:40:05] [PdxMMHelper.cs|ImportModsFromModDirectory] Importing mod Theatrum Orbis Terrarum for MEIOU & Taxes 3.0
[2022-05-20T22:40:05] [PdxMMHelper.cs|ImportModsFromModDirectory] Importing mod Show New Ideas
[2022-05-20T22:40:10] [PdxMMHelper.cs|RequestUpdateAllModsAsync] Mod Holy Roman Empire Expanded doesn't require any update
[2022-05-20T22:40:11] [PdxMMHelper.cs|RequestUpdateAllModsAsync] Mod National Ideas Expanded doesn't require any update
[2022-05-20T22:40:12] [PdxMMHelper.cs|RequestUpdateAllModsAsync] Mod Governments Expanded 1.33 doesn't require any update
[2022-05-20T22:40:13] [PdxMMHelper.cs|RequestUpdateAllModsAsync] Mod Trade Goods Expanded doesn't require any update
[2022-05-20T22:40:13] [PdxMMHelper.cs|RequestUpdateAllModsAsync] Mod Ante Bellum doesn't require any update
[2022-05-20T22:40:14] [PdxMMHelper.cs|RequestUpdateAllModsAsync] Mod World Conquest Victory Music doesn't require any update
[2022-05-20T22:40:15] [PdxMMHelper.cs|RequestUpdateAllModsAsync] Mod [1.33.3] 1356 - Public Beta doesn't require any update
[2022-05-20T22:40:15] [PdxMMHelper.cs|RequestUpdateAllModsAsync] Mod Themes of the Old World doesn't require any update
[2022-05-20T22:40:16] [PdxMMHelper.cs|RequestUpdateAllModsAsync] Mod Missions Expanded doesn't require any update
[2022-05-20T22:40:16] [PdxMMHelper.cs|RequestUpdateAllModsAsync] Mod Extended Timeline doesn't require any update
[2022-05-20T22:40:17] [PdxMMHelper.cs|RequestUpdateAllModsAsync] Mod Flavour and Events Expanded doesn't require any update
[2022-05-20T22:40:18] [PdxMMHelper.cs|RequestUpdateAllModsAsync] Mod Formables Expanded doesn't require any update
[2022-05-20T22:40:18] [PdxMMHelper.cs|RequestUpdateAllModsAsync] Mod Lux in Tenebris - Main Theme doesn't require any update
[2022-05-20T22:40:19] [PdxMMHelper.cs|RequestUpdateAllModsAsync] Mod Scandinavia Music Pack doesn't require any update
[2022-05-20T22:40:20] [PdxMMHelper.cs|RequestUpdateAllModsAsync] Mod Anbennar - Main Theme doesn't require any update
[2022-05-20T22:40:21] [PdxMMHelper.cs|RequestUpdateAllModsAsync] Mod Peace Treaties Expanded doesn't require any update
[2022-05-20T22:40:22] [PdxMMHelper.cs|RequestUpdateAllModsAsync] Mod MEIOU and Taxes v3.0 doesn't require any update
[2022-05-20T22:40:23] [PdxMMHelper.cs|RequestUpdateAllModsAsync] Mod Ante Bellum Original Soundtrack doesn't require any update
[2022-05-20T22:40:24] [PdxMMHelper.cs|RequestUpdateAllModsAsync] Mod Theatrum Orbis Terrarum for MEIOU & Taxes 3.0 doesn't require any update
[2022-05-20T22:40:25] [PdxMMHelper.cs|RequestUpdateAllModsAsync] Mod Show New Ideas doesn't require any update
[2022-05-20T22:40:41] [PdxMMHelper.cs|UpdateModAsync] Downloading mod 1352521684
[2022-05-20T22:40:57] [SteamWorkshop.cs|Downloader.RequestFile] Failed loading page https://node04.steamworkshopdownloader.io/prod/api/, status code GatewayTimeout
[2022-05-20T22:40:57] [PdxMMHelper.cs|UpdateModAsync] Failed to update mod Holy Roman Empire Expanded
[2022-05-20T22:40:57] [PdxMMHelper.cs|UpdateModAsync] Downloading mod 1592328478
[2022-05-20T22:41:12] [SteamWorkshop.cs|Downloader.RequestFile] Failed loading page https://node04.steamworkshopdownloader.io/prod/api/, status code GatewayTimeout
[2022-05-20T22:41:12] [PdxMMHelper.cs|UpdateModAsync] Failed to update mod National Ideas Expanded
[2022-05-20T22:41:13] [PdxMMHelper.cs|UpdateModAsync] Downloading mod 1596815683
[2022-05-20T22:41:28] [SteamWorkshop.cs|Downloader.RequestFile] Failed loading page https://node04.steamworkshopdownloader.io/prod/api/, status code GatewayTimeout
[2022-05-20T22:41:28] [PdxMMHelper.cs|UpdateModAsync] Failed to update mod Governments Expanded 1.33
[2022-05-20T22:41:29] [PdxMMHelper.cs|UpdateModAsync] Downloading mod 1770950522
[2022-05-20T22:41:44] [SteamWorkshop.cs|Downloader.RequestFile] Failed loading page https://node04.steamworkshopdownloader.io/prod/api/, status code GatewayTimeout
[2022-05-20T22:41:44] [PdxMMHelper.cs|UpdateModAsync] Failed to update mod Trade Goods Expanded
[2022-05-20T22:41:45] [PdxMMHelper.cs|UpdateModAsync] Downloading mod 1908400374
[2022-05-20T22:42:00] [SteamWorkshop.cs|Downloader.RequestFile] Failed loading page https://node04.steamworkshopdownloader.io/prod/api/, status code GatewayTimeout
[2022-05-20T22:42:00] [PdxMMHelper.cs|UpdateModAsync] Failed to update mod Ante Bellum
[2022-05-20T22:42:01] [PdxMMHelper.cs|UpdateModAsync] Downloading mod 1973843770
[2022-05-20T22:42:16] [SteamWorkshop.cs|Downloader.RequestFile] Failed loading page https://node04.steamworkshopdownloader.io/prod/api/, status code GatewayTimeout
[2022-05-20T22:42:16] [PdxMMHelper.cs|UpdateModAsync] Failed to update mod World Conquest Victory Music
[2022-05-20T22:42:17] [PdxMMHelper.cs|UpdateModAsync] Downloading mod 2007830304
[2022-05-20T22:47:28] [PdxMMHelper.cs|ImportModsFromModDirectory] Importing mod Holy Roman Empire Expanded
[2022-05-20T22:47:28] [PdxMMHelper.cs|ImportModsFromModDirectory] Importing mod National Ideas Expanded
[2022-05-20T22:47:28] [PdxMMHelper.cs|ImportModsFromModDirectory] Importing mod Governments Expanded 1.33
[2022-05-20T22:47:28] [PdxMMHelper.cs|ImportModsFromModDirectory] Importing mod Trade Goods Expanded
[2022-05-20T22:47:28] [PdxMMHelper.cs|ImportModsFromModDirectory] Importing mod Ante Bellum
[2022-05-20T22:47:28] [PdxMMHelper.cs|ImportModsFromModDirectory] Importing mod World Conquest Victory Music
[2022-05-20T22:47:28] [PdxMMHelper.cs|ImportModsFromModDirectory] Importing mod [1.33.3] 1356 - Public Beta
[2022-05-20T22:47:28] [PdxMMHelper.cs|ImportModsFromModDirectory] Importing mod Themes of the Old World
[2022-05-20T22:47:28] [PdxMMHelper.cs|ImportModsFromModDirectory] Importing mod Missions Expanded
[2022-05-20T22:47:28] [PdxMMHelper.cs|ImportModsFromModDirectory] Importing mod Extended Timeline
[2022-05-20T22:47:28] [PdxMMHelper.cs|ImportModsFromModDirectory] Importing mod Flavour and Events Expanded
[2022-05-20T22:47:28] [PdxMMHelper.cs|ImportModsFromModDirectory] Importing mod Formables Expanded
[2022-05-20T22:47:28] [PdxMMHelper.cs|ImportModsFromModDirectory] Importing mod Lux in Tenebris - Main Theme
[2022-05-20T22:47:28] [PdxMMHelper.cs|ImportModsFromModDirectory] Importing mod Scandinavia Music Pack
[2022-05-20T22:47:28] [PdxMMHelper.cs|ImportModsFromModDirectory] Importing mod Anbennar - Main Theme
[2022-05-20T22:47:28] [PdxMMHelper.cs|ImportModsFromModDirectory] Importing mod Peace Treaties Expanded
[2022-05-20T22:47:28] [PdxMMHelper.cs|ImportModsFromModDirectory] Importing mod MEIOU and Taxes v3.0
[2022-05-20T22:47:28] [PdxMMHelper.cs|ImportModsFromModDirectory] Importing mod Ante Bellum Original Soundtrack
[2022-05-20T22:47:28] [PdxMMHelper.cs|ImportModsFromModDirectory] Importing mod Theatrum Orbis Terrarum for MEIOU & Taxes 3.0
[2022-05-20T22:47:28] [PdxMMHelper.cs|ImportModsFromModDirectory] Importing mod Show New Ideas
[2022-05-20T22:47:32] [PdxMMHelper.cs|UpdateModAsync] Downloading mod 1352521684
[2022-05-20T22:47:47] [SteamWorkshop.cs|Downloader.RequestFile] Failed loading page https://node04.steamworkshopdownloader.io/prod/api/, status code GatewayTimeout
[2022-05-20T22:47:47] [PdxMMHelper.cs|UpdateModAsync] Failed to update mod Holy Roman Empire Expanded
[2022-05-20T22:47:48] [PdxMMHelper.cs|UpdateModAsync] Downloading mod 1592328478
[2022-05-20T23:01:29] [PdxMMHelper.cs|ImportModsFromModDirectory] Importing mod Holy Roman Empire Expanded
[2022-05-20T23:01:29] [PdxMMHelper.cs|ImportModsFromModDirectory] Importing mod National Ideas Expanded
[2022-05-20T23:01:29] [PdxMMHelper.cs|ImportModsFromModDirectory] Importing mod Governments Expanded 1.33
[2022-05-20T23:01:29] [PdxMMHelper.cs|ImportModsFromModDirectory] Importing mod Trade Goods Expanded
[2022-05-20T23:01:29] [PdxMMHelper.cs|ImportModsFromModDirectory] Importing mod Ante Bellum
[2022-05-20T23:01:29] [PdxMMHelper.cs|ImportModsFromModDirectory] Importing mod World Conquest Victory Music
[2022-05-20T23:01:29] [PdxMMHelper.cs|ImportModsFromModDirectory] Importing mod [1.33.3] 1356 - Public Beta
[2022-05-20T23:01:29] [PdxMMHelper.cs|ImportModsFromModDirectory] Importing mod Themes of the Old World
[2022-05-20T23:01:29] [PdxMMHelper.cs|ImportModsFromModDirectory] Importing mod Missions Expanded
[2022-05-20T23:01:29] [PdxMMHelper.cs|ImportModsFromModDirectory] Importing mod Extended Timeline
[2022-05-20T23:01:29] [PdxMMHelper.cs|ImportModsFromModDirectory] Importing mod Flavour and Events Expanded
[2022-05-20T23:01:29] [PdxMMHelper.cs|ImportModsFromModDirectory] Importing mod Formables Expanded
[2022-05-20T23:01:29] [PdxMMHelper.cs|ImportModsFromModDirectory] Importing mod Lux in Tenebris - Main Theme
[2022-05-20T23:01:29] [PdxMMHelper.cs|ImportModsFromModDirectory] Importing mod Scandinavia Music Pack
[2022-05-20T23:01:29] [PdxMMHelper.cs|ImportModsFromModDirectory] Importing mod Anbennar - Main Theme
[2022-05-20T23:01:29] [PdxMMHelper.cs|ImportModsFromModDirectory] Importing mod Peace Treaties Expanded
[2022-05-20T23:01:29] [PdxMMHelper.cs|ImportModsFromModDirectory] Importing mod MEIOU and Taxes v3.0
[2022-05-20T23:01:29] [PdxMMHelper.cs|ImportModsFromModDirectory] Importing mod Ante Bellum Original Soundtrack
[2022-05-20T23:01:29] [PdxMMHelper.cs|ImportModsFromModDirectory] Importing mod Theatrum Orbis Terrarum for MEIOU & Taxes 3.0
[2022-05-20T23:01:29] [PdxMMHelper.cs|ImportModsFromModDirectory] Importing mod Show New Ideas
[2022-05-20T23:01:34] [PdxMMHelper.cs|UpdateModAsync] Downloading mod 1352521684
[2022-05-20T23:01:49] [SteamWorkshop.cs|Downloader.RequestFile] Failed loading page https://node04.steamworkshopdownloader.io/prod/api/, status code GatewayTimeout
[2022-05-20T23:01:49] [PdxMMHelper.cs|UpdateModAsync] Failed to update mod Holy Roman Empire Expanded
[2022-05-20T23:01:50] [PdxMMHelper.cs|UpdateModAsync] Downloading mod 1592328478
[2022-05-20T23:02:45] [PdxMMHelper.cs|ImportModsFromModDirectory] Importing mod Holy Roman Empire Expanded
[2022-05-20T23:02:45] [PdxMMHelper.cs|ImportModsFromModDirectory] Importing mod National Ideas Expanded
[2022-05-20T23:02:45] [PdxMMHelper.cs|ImportModsFromModDirectory] Importing mod Governments Expanded 1.33
[2022-05-20T23:02:45] [PdxMMHelper.cs|ImportModsFromModDirectory] Importing mod Trade Goods Expanded
[2022-05-20T23:02:45] [PdxMMHelper.cs|ImportModsFromModDirectory] Importing mod Ante Bellum
[2022-05-20T23:02:45] [PdxMMHelper.cs|ImportModsFromModDirectory] Importing mod World Conquest Victory Music
[2022-05-20T23:02:45] [PdxMMHelper.cs|ImportModsFromModDirectory] Importing mod [1.33.3] 1356 - Public Beta
[2022-05-20T23:02:45] [PdxMMHelper.cs|ImportModsFromModDirectory] Importing mod Themes of the Old World
[2022-05-20T23:02:45] [PdxMMHelper.cs|ImportModsFromModDirectory] Importing mod Missions Expanded
[2022-05-20T23:02:45] [PdxMMHelper.cs|ImportModsFromModDirectory] Importing mod Extended Timeline
[2022-05-20T23:02:45] [PdxMMHelper.cs|ImportModsFromModDirectory] Importing mod Flavour and Events Expanded
[2022-05-20T23:02:45] [PdxMMHelper.cs|ImportModsFromModDirectory] Importing mod Formables Expanded
[2022-05-20T23:02:45] [PdxMMHelper.cs|ImportModsFromModDirectory] Importing mod Lux in Tenebris - Main Theme
[2022-05-20T23:02:45] [PdxMMHelper.cs|ImportModsFromModDirectory] Importing mod Scandinavia Music Pack
[2022-05-20T23:02:45] [PdxMMHelper.cs|ImportModsFromModDirectory] Importing mod Anbennar - Main Theme
[2022-05-20T23:02:45] [PdxMMHelper.cs|ImportModsFromModDirectory] Importing mod Peace Treaties Expanded
[2022-05-20T23:02:45] [PdxMMHelper.cs|ImportModsFromModDirectory] Importing mod MEIOU and Taxes v3.0
[2022-05-20T23:02:45] [PdxMMHelper.cs|ImportModsFromModDirectory] Importing mod Ante Bellum Original Soundtrack
[2022-05-20T23:02:45] [PdxMMHelper.cs|ImportModsFromModDirectory] Importing mod Theatrum Orbis Terrarum for MEIOU & Taxes 3.0
[2022-05-20T23:02:45] [PdxMMHelper.cs|ImportModsFromModDirectory] Importing mod Show New Ideas
[2022-05-20T23:02:50] [PdxMMHelper.cs|UpdateModAsync] Downloading mod 1352521684
[2022-05-20T23:03:05] [SteamWorkshop.cs|Downloader.RequestFile] Failed loading page https://node04.steamworkshopdownloader.io/prod/api/, status code GatewayTimeout
[2022-05-20T23:03:05] [PdxMMHelper.cs|UpdateModAsync] Failed to update mod Holy Roman Empire Expanded
[2022-05-20T23:03:06] [PdxMMHelper.cs|UpdateModAsync] Downloading mod 1592328478
[2022-05-20T23:05:39] [PdxMMHelper.cs|ImportModsFromModDirectory] Importing mod Holy Roman Empire Expanded
[2022-05-20T23:05:39] [PdxMMHelper.cs|ImportModsFromModDirectory] Importing mod National Ideas Expanded
[2022-05-20T23:05:39] [PdxMMHelper.cs|ImportModsFromModDirectory] Importing mod Governments Expanded 1.33
[2022-05-20T23:05:39] [PdxMMHelper.cs|ImportModsFromModDirectory] Importing mod Trade Goods Expanded
[2022-05-20T23:05:39] [PdxMMHelper.cs|ImportModsFromModDirectory] Importing mod Ante Bellum
[2022-05-20T23:05:39] [PdxMMHelper.cs|ImportModsFromModDirectory] Importing mod World Conquest Victory Music
[2022-05-20T23:05:39] [PdxMMHelper.cs|ImportModsFromModDirectory] Importing mod [1.33.3] 1356 - Public Beta
[2022-05-20T23:05:39] [PdxMMHelper.cs|ImportModsFromModDirectory] Importing mod Themes of the Old World
[2022-05-20T23:05:39] [PdxMMHelper.cs|ImportModsFromModDirectory] Importing mod Missions Expanded
[2022-05-20T23:05:39] [PdxMMHelper.cs|ImportModsFromModDirectory] Importing mod Extended Timeline
[2022-05-20T23:05:39] [PdxMMHelper.cs|ImportModsFromModDirectory] Importing mod Flavour and Events Expanded
[2022-05-20T23:05:39] [PdxMMHelper.cs|ImportModsFromModDirectory] Importing mod Formables Expanded
[2022-05-20T23:05:39] [PdxMMHelper.cs|ImportModsFromModDirectory] Importing mod Lux in Tenebris - Main Theme
[2022-05-20T23:05:39] [PdxMMHelper.cs|ImportModsFromModDirectory] Importing mod Scandinavia Music Pack
[2022-05-20T23:05:39] [PdxMMHelper.cs|ImportModsFromModDirectory] Importing mod Anbennar - Main Theme
[2022-05-20T23:05:39] [PdxMMHelper.cs|ImportModsFromModDirectory] Importing mod Peace Treaties Expanded
[2022-05-20T23:05:39] [PdxMMHelper.cs|ImportModsFromModDirectory] Importing mod MEIOU and Taxes v3.0
[2022-05-20T23:05:39] [PdxMMHelper.cs|ImportModsFromModDirectory] Importing mod Ante Bellum Original Soundtrack
[2022-05-20T23:05:39] [PdxMMHelper.cs|ImportModsFromModDirectory] Importing mod Theatrum Orbis Terrarum for MEIOU & Taxes 3.0
[2022-05-20T23:05:39] [PdxMMHelper.cs|ImportModsFromModDirectory] Importing mod Show New Ideas
[2022-05-20T23:06:22] [PdxMMHelper.cs|ImportModsFromModDirectory] Importing mod Holy Roman Empire Expanded
[2022-05-20T23:06:22] [PdxMMHelper.cs|ImportModsFromModDirectory] Importing mod National Ideas Expanded
[2022-05-20T23:06:22] [PdxMMHelper.cs|ImportModsFromModDirectory] Importing mod Governments Expanded 1.33
[2022-05-20T23:06:22] [PdxMMHelper.cs|ImportModsFromModDirectory] Importing mod Trade Goods Expanded
[2022-05-20T23:06:22] [PdxMMHelper.cs|ImportModsFromModDirectory] Importing mod Ante Bellum
[2022-05-20T23:06:22] [PdxMMHelper.cs|ImportModsFromModDirectory] Importing mod World Conquest Victory Music
[2022-05-20T23:06:22] [PdxMMHelper.cs|ImportModsFromModDirectory] Importing mod [1.33.3] 1356 - Public Beta
[2022-05-20T23:06:22] [PdxMMHelper.cs|ImportModsFromModDirectory] Importing mod Themes of the Old World
[2022-05-20T23:06:22] [PdxMMHelper.cs|ImportModsFromModDirectory] Importing mod Missions Expanded
[2022-05-20T23:06:22] [PdxMMHelper.cs|ImportModsFromModDirectory] Importing mod Extended Timeline
[2022-05-20T23:06:22] [PdxMMHelper.cs|ImportModsFromModDirectory] Importing mod Flavour and Events Expanded
[2022-05-20T23:06:22] [PdxMMHelper.cs|ImportModsFromModDirectory] Importing mod Formables Expanded
[2022-05-20T23:06:22] [PdxMMHelper.cs|ImportModsFromModDirectory] Importing mod Lux in Tenebris - Main Theme
[2022-05-20T23:06:22] [PdxMMHelper.cs|ImportModsFromModDirectory] Importing mod Scandinavia Music Pack
[2022-05-20T23:06:22] [PdxMMHelper.cs|ImportModsFromModDirectory] Importing mod Anbennar - Main Theme
[2022-05-20T23:06:22] [PdxMMHelper.cs|ImportModsFromModDirectory] Importing mod Peace Treaties Expanded
[2022-05-20T23:06:22] [PdxMMHelper.cs|ImportModsFromModDirectory] Importing mod MEIOU and Taxes v3.0
[2022-05-20T23:06:22] [PdxMMHelper.cs|ImportModsFromModDirectory] Importing mod Ante Bellum Original Soundtrack
[2022-05-20T23:06:22] [PdxMMHelper.cs|ImportModsFromModDirectory] Importing mod Theatrum Orbis Terrarum for MEIOU & Taxes 3.0
[2022-05-20T23:06:22] [PdxMMHelper.cs|ImportModsFromModDirectory] Importing mod Show New Ideas
